<?xml version="1.0" encoding="UTF-8"?>
<testsuite xmlns:xsi="http://www.w3.org/2001/XMLSchema-instance" xsi:noNamespaceSchemaLocation="https://maven.apache.org/surefire/maven-surefire-plugin/xsd/surefire-test-report-3.0.xsd" version="3.0" name="com.HngTaskFive.HngTaskFive.HngTaskFiveApplicationTests" time="16.752" tests="1" errors="0" skipped="0" failures="0">
  <properties>
[...]
</properties>
  <testcase name="contextLoads" classname="com.HngTaskFive.HngTaskFive.HngTaskFiveApplicationTests" time="0.702">
    <system-out><![CDATA[Standard Commons Logging discovery in action with spring-jcl: please remove commons-logging.jar from classpath in order to avoid potential conflicts
04:18:23.380 [main] INFO org.springframework.test.context.support.AnnotationConfigContextLoaderUtils -- Could not detect default configuration classes for test class [com.HngTaskFive.HngTaskFive.HngTaskFiveApplicationTests]: HngTaskFiveApplicationTests does not declare any static, non-private, non-final, nested classes annotated with @Configuration.
04:18:23.587 [main] INFO org.springframework.boot.test.context.SpringBootTestContextBootstrapper -- Found @SpringBootConfiguration com.HngTaskFive.HngTaskFive.HngTaskFiveApplication for test class com.HngTaskFive.HngTaskFive.HngTaskFiveApplicationTests

  .   ____          _            __ _ _
 /\\ / ___'_ __ _ _(_)_ __  __ _ \ \ \ \
( ( )\___ | '_ | '_| | '_ \/ _` | \ \ \ \
 \\/  ___)| |_)| | | | | || (_| |  ) ) ) )
  '  |____| .__|_| |_|_| |_\__, | / / / /
 =========|_|==============|___/=/_/_/_/
 :: Spring Boot ::                (v3.1.4)

2023-10-02T04:18:24.328+01:00  INFO 2652 --- [           main] c.H.H.HngTaskFiveApplicationTests        : Starting HngTaskFiveApplicationTests using Java 19.0.2 with PID 2652 (started by Chidinma.Afogu in C:\Users\chidinma.afogu\Downloads\HngTaskFive\HngTaskFive)
2023-10-02T04:18:24.330+01:00  INFO 2652 --- [           main] c.H.H.HngTaskFiveApplicationTests        : No active profile set, falling back to 1 default profile: "default"
2023-10-02T04:18:25.665+01:00  INFO 2652 --- [           main] .s.d.r.c.RepositoryConfigurationDelegate : Bootstrapping Spring Data JPA repositories in DEFAULT mode.
2023-10-02T04:18:25.755+01:00  INFO 2652 --- [           main] .s.d.r.c.RepositoryConfigurationDelegate : Finished Spring Data repository scanning in 77 ms. Found 1 JPA repository interfaces.
2023-10-02T04:18:26.676+01:00  INFO 2652 --- [           main] o.hibernate.jpa.internal.util.LogHelper  : HHH000204: Processing PersistenceUnitInfo [name: default]
2023-10-02T04:18:26.808+01:00  INFO 2652 --- [           main] org.hibernate.Version                    : HHH000412: Hibernate ORM core version 6.2.9.Final
2023-10-02T04:18:26.811+01:00  INFO 2652 --- [           main] org.hibernate.cfg.Environment            : HHH000406: Using bytecode reflection optimizer
2023-10-02T04:18:27.267+01:00  INFO 2652 --- [           main] o.h.b.i.BytecodeProviderInitiator        : HHH000021: Bytecode provider name : bytebuddy
2023-10-02T04:18:27.547+01:00  INFO 2652 --- [           main] o.s.o.j.p.SpringPersistenceUnitInfo      : No LoadTimeWeaver setup: ignoring JPA class transformer
2023-10-02T04:18:27.577+01:00  INFO 2652 --- [           main] com.zaxxer.hikari.HikariDataSource       : HikariPool-1 - Starting...
2023-10-02T04:18:33.213+01:00  INFO 2652 --- [           main] com.zaxxer.hikari.pool.HikariPool        : HikariPool-1 - Added connection com.mysql.cj.jdbc.ConnectionImpl@64757d56
2023-10-02T04:18:33.220+01:00  INFO 2652 --- [           main] com.zaxxer.hikari.HikariDataSource       : HikariPool-1 - Start completed.
2023-10-02T04:18:34.198+01:00  INFO 2652 --- [           main] o.h.b.i.BytecodeProviderInitiator        : HHH000021: Bytecode provider name : bytebuddy
2023-10-02T04:18:34.958+01:00  INFO 2652 --- [           main] o.h.e.t.j.p.i.JtaPlatformInitiator       : HHH000490: Using JtaPlatform implementation: [org.hibernate.engine.transaction.jta.platform.internal.NoJtaPlatform]
2023-10-02T04:18:35.960+01:00  INFO 2652 --- [           main] j.LocalContainerEntityManagerFactoryBean : Initialized JPA EntityManagerFactory for persistence unit 'default'
2023-10-02T04:18:37.703+01:00  WARN 2652 --- [           main] JpaBaseConfiguration$JpaWebConfiguration : spring.jpa.open-in-view is enabled by default. Therefore, database queries may be performed during view rendering. Explicitly configure spring.jpa.open-in-view to disable this warning
2023-10-02T04:18:39.048+01:00  INFO 2652 --- [           main] c.H.H.HngTaskFiveApplicationTests        : Started HngTaskFiveApplicationTests in 15.201 seconds (process running for 16.91)
]]></system-out>
  </testcase>
</testsuite>